#
# There is insufficient memory for the Java Runtime Environment to continue.
# Native memory allocation (mmap) failed to map 132120576 bytes for G1 virtual space
# Possible reasons:
#   The system is out of physical RAM or swap space
#   The process is running with CompressedOops enabled, and the Java Heap may be blocking the growth of the native heap
# Possible solutions:
#   Reduce memory load on the system
#   Increase physical memory or swap space
#   Check if swap backing store is full
#   Decrease Java heap size (-Xmx/-Xms)
#   Decrease number of Java threads
#   Decrease Java thread stack sizes (-Xss)
#   Set larger code cache with -XX:ReservedCodeCacheSize=
#   JVM is running with Unscaled Compressed Oops mode in which the Java heap is
#     placed in the first 4GB address space. The Java Heap base address is the
#     maximum limit for the native heap growth. Please use -XX:HeapBaseMinAddress
#     to set the Java Heap base and to place the Java Heap above 4GB virtual address.
# This output file may be truncated or incomplete.
#
#  Out of Memory Error (os_windows.cpp:3466), pid=11656, tid=23672
#
# JRE version:  (16.0.2+7) (build )
# Java VM: Java HotSpot(TM) 64-Bit Server VM (16.0.2+7-67, mixed mode, sharing, tiered, compressed oops, compressed class ptrs, g1 gc, windows-amd64)
# No core dump will be written. Minidumps are not enabled by default on client versions of Windows
#

---------------  S U M M A R Y ------------

Command Line: 

Host: AMD Ryzen 5 3550H with Radeon Vega Mobile Gfx  , 8 cores, 7G,  Windows 10 , 64 bit Build 22000 (10.0.22000.434)
Time: Sat Apr  9 23:35:44 2022 SE Asia Standard Time elapsed time: 0.661936 seconds (0d 0h 0m 0s)

---------------  T H R E A D  ---------------

Current thread (0x000002cac2aca800):  JavaThread "Unknown thread" [_thread_in_vm, id=23672, stack(0x000000e28ae00000,0x000000e28af00000)]

Stack: [0x000000e28ae00000,0x000000e28af00000]
Native frames: (J=compiled Java code, j=interpreted, Vv=VM code, C=native code)
V  [jvm.dll+0x6681ca]
V  [jvm.dll+0x7c9e69]
V  [jvm.dll+0x7cb61e]
V  [jvm.dll+0x7cbc73]
V  [jvm.dll+0x242c55]
V  [jvm.dll+0x664f89]
V  [jvm.dll+0x659b75]
V  [jvm.dll+0x2fbfbb]
V  [jvm.dll+0x3031b6]
V  [jvm.dll+0x35299e]
V  [jvm.dll+0x352bcf]
V  [jvm.dll+0x2d3028]
V  [jvm.dll+0x2d4264]
V  [jvm.dll+0x79c741]
V  [jvm.dll+0x360791]
V  [jvm.dll+0x77a3f0]
V  [jvm.dll+0x3e4e8f]
V  [jvm.dll+0x3e6961]
C  [jli.dll+0x52fb]
C  [ucrtbase.dll+0x26c0c]
C  [KERNEL32.DLL+0x154e0]
C  [ntdll.dll+0x485b]


---------------  P R O C E S S  ---------------

Threads class SMR info:
_java_thread_list=0x00007ff8101acbb8, length=0, elements={
}

Java Threads: ( => current thread )

Other Threads:
  0x000002cac2b0aef0 GCTaskThread "GC Thread#0" [stack: 0x000000e28af00000,0x000000e28b000000] [id=21212]
  0x000002cac2b1ca80 ConcurrentGCThread "G1 Main Marker" [stack: 0x000000e28b000000,0x000000e28b100000] [id=17128]
  0x000002cac2b1d570 ConcurrentGCThread "G1 Conc#0" [stack: 0x000000e28b100000,0x000000e28b200000] [id=23808]

[error occurred during error reporting (printing all threads), id 0xc0000005, EXCEPTION_ACCESS_VIOLATION (0xc0000005) at pc=0x00007ff80f983ee7]

VM state: not at safepoint (not fully initialized)

VM Mutex/Monitor currently owned by a thread:  ([mutex/lock_event])
[0x000002cac2ac56d0] Heap_lock - owner thread: 0x000002cac2aca800

Heap address: 0x0000000082e00000, size: 2002 MB, Compressed Oops mode: 32-bit

CDS archive(s) mapped at: [0x0000000000000000-0x0000000000000000-0x0000000000000000), size 0, SharedBaseAddress: 0x0000000800000000, ArchiveRelocationMode: 0.
Narrow klass base: 0x0000000000000000, Narrow klass shift: 0, Narrow klass range: 0x0

GC Precious Log:
<Empty>

Heap:
 garbage-first heap   total 0K, used 0K [0x0000000082e00000, 0x0000000100000000)
  region size 1024K, 0 young (0K), 0 survivors (0K)

[error occurred during error reporting (printing heap information), id 0xc0000005, EXCEPTION_ACCESS_VIOLATION (0xc0000005) at pc=0x00007ff80fd61eed]

GC Heap History (0 events):
No events

Deoptimization events (0 events):
No events

Classes unloaded (0 events):
No events

Classes redefined (0 events):
No events

Internal exceptions (0 events):
No events

Events (1 events):
Event: 0.592 Loaded shared library C:\Program Files\Java\jdk-16.0.2\bin\java.dll


Dynamic libraries:
0x00007ff6e91c0000 - 0x00007ff6e91d0000 	C:\Program Files\Java\jdk-16.0.2\bin\java.exe
0x00007ff8524a0000 - 0x00007ff8526a9000 	C:\WINDOWS\SYSTEM32\ntdll.dll
0x00007ff850f40000 - 0x00007ff850ffd000 	C:\WINDOWS\System32\KERNEL32.DLL
0x00007ff84fb50000 - 0x00007ff84fec4000 	C:\WINDOWS\System32\KERNELBASE.dll
0x00007ff84f9c0000 - 0x00007ff84fad1000 	C:\WINDOWS\System32\ucrtbase.dll
0x00007ff844730000 - 0x00007ff844749000 	C:\Program Files\Java\jdk-16.0.2\bin\VCRUNTIME140.dll
0x00007ff842bc0000 - 0x00007ff842bd8000 	C:\Program Files\Java\jdk-16.0.2\bin\jli.dll
0x00007ff851270000 - 0x00007ff85131e000 	C:\WINDOWS\System32\ADVAPI32.dll
0x00007ff852380000 - 0x00007ff852423000 	C:\WINDOWS\System32\msvcrt.dll
0x00007ff850860000 - 0x00007ff8508fe000 	C:\WINDOWS\System32\sechost.dll
0x00007ff851150000 - 0x00007ff851270000 	C:\WINDOWS\System32\RPCRT4.dll
0x00007ff850590000 - 0x00007ff85073c000 	C:\WINDOWS\System32\USER32.dll
0x00007ff835ee0000 - 0x00007ff836185000 	C:\WINDOWS\WinSxS\amd64_microsoft.windows.common-controls_6595b64144ccf1df_6.0.22000.120_none_9d947278b86cc467\COMCTL32.dll
0x00007ff852430000 - 0x00007ff852459000 	C:\WINDOWS\System32\GDI32.dll
0x00007ff850220000 - 0x00007ff850332000 	C:\WINDOWS\System32\gdi32full.dll
0x00007ff84fed0000 - 0x00007ff84ff6d000 	C:\WINDOWS\System32\msvcp_win.dll
0x00007ff84f990000 - 0x00007ff84f9b6000 	C:\WINDOWS\System32\win32u.dll
0x00007ff848440000 - 0x00007ff84844a000 	C:\WINDOWS\SYSTEM32\VERSION.dll
0x00007ff851480000 - 0x00007ff8514b1000 	C:\WINDOWS\System32\IMM32.DLL
0x00007ff84ad00000 - 0x00007ff84ad0c000 	C:\Program Files\Java\jdk-16.0.2\bin\vcruntime140_1.dll
0x00007ff82aa20000 - 0x00007ff82aab1000 	C:\Program Files\Java\jdk-16.0.2\bin\msvcp140.dll
0x00007ff80f6a0000 - 0x00007ff81024b000 	C:\Program Files\Java\jdk-16.0.2\bin\server\jvm.dll
0x00007ff850900000 - 0x00007ff850908000 	C:\WINDOWS\System32\PSAPI.DLL
0x00007ff848920000 - 0x00007ff848953000 	C:\WINDOWS\SYSTEM32\WINMM.dll
0x00007ff8402c0000 - 0x00007ff8402c9000 	C:\WINDOWS\SYSTEM32\WSOCK32.dll
0x00007ff8513b0000 - 0x00007ff85141f000 	C:\WINDOWS\System32\WS2_32.dll
0x00007ff84eb00000 - 0x00007ff84eb18000 	C:\WINDOWS\SYSTEM32\kernel.appcore.dll
0x00007ff84acc0000 - 0x00007ff84acca000 	C:\Program Files\Java\jdk-16.0.2\bin\jimage.dll
0x00007ff843c20000 - 0x00007ff843e41000 	C:\WINDOWS\SYSTEM32\DBGHELP.DLL
0x00007ff840b90000 - 0x00007ff840bc1000 	C:\WINDOWS\SYSTEM32\dbgcore.DLL
0x00007ff8501a0000 - 0x00007ff85021f000 	C:\WINDOWS\System32\bcryptPrimitives.dll
0x00007ff83d060000 - 0x00007ff83d085000 	C:\Program Files\Java\jdk-16.0.2\bin\java.dll

dbghelp: loaded successfully - version: 4.0.5 - missing functions: none
symbol engine: initialized successfully - sym options: 0x614 - pdb path: .;C:\Program Files\Java\jdk-16.0.2\bin;C:\WINDOWS\SYSTEM32;C:\WINDOWS\WinSxS\amd64_microsoft.windows.common-controls_6595b64144ccf1df_6.0.22000.120_none_9d947278b86cc467;C:\Program Files\Java\jdk-16.0.2\bin\server

VM Arguments:
java_command: <unknown>
java_class_path (initial): <not set>
Launcher Type: SUN_STANDARD

[Global flags]
     intx CICompilerCount                          = 4                                         {product} {ergonomic}
     uint ConcGCThreads                            = 2                                         {product} {ergonomic}
     uint G1ConcRefinementThreads                  = 8                                         {product} {ergonomic}
   size_t G1HeapRegionSize                         = 1048576                                   {product} {ergonomic}
    uintx GCDrainStackTargetSize                   = 64                                        {product} {ergonomic}
   size_t InitialHeapSize                          = 132120576                                 {product} {ergonomic}
   size_t MarkStackSize                            = 4194304                                   {product} {ergonomic}
   size_t MaxHeapSize                              = 2099249152                                {product} {ergonomic}
   size_t MinHeapDeltaBytes                        = 1048576                                   {product} {ergonomic}
   size_t MinHeapSize                              = 8388608                                   {product} {ergonomic}
    uintx NonNMethodCodeHeapSize                   = 5839372                                {pd product} {ergonomic}
    uintx NonProfiledCodeHeapSize                  = 122909434                              {pd product} {ergonomic}
    uintx ProfiledCodeHeapSize                     = 122909434                              {pd product} {ergonomic}
    uintx ReservedCodeCacheSize                    = 251658240                              {pd product} {ergonomic}
     bool SegmentedCodeCache                       = true                                      {product} {ergonomic}
   size_t SoftMaxHeapSize                          = 2099249152                             {manageable} {ergonomic}
     bool UseCompressedClassPointers               = true                           {product lp64_product} {ergonomic}
     bool UseCompressedOops                        = true                           {product lp64_product} {ergonomic}
     bool UseG1GC                                  = true                                      {product} {ergonomic}
     bool UseLargePagesIndividualAllocation        = false                                  {pd product} {ergonomic}

Logging:
Log output configuration:
 #0: stdout all=warning uptime,level,tags
 #1: stderr all=off uptime,level,tags

Environment Variables:
PATH=C:\Python310\Scripts\;C:\Python310\;C:\Program Files\Common Files\Oracle\Java\javapath;C:\WINDOWS\system32;C:\WINDOWS;C:\WINDOWS\System32\Wbem;C:\WINDOWS\System32\WindowsPowerShell\v1.0\;C:\WINDOWS\System32\OpenSSH\;%ANDORID\tool\bin;C:\Program Files\Microsoft SQL Server\Client SDK\ODBC\170\Tools\Binn\;C:\Program Files (x86)\Microsoft SQL Server\150\Tools\Binn\;C:\Program Files\Microsoft SQL Server\150\Tools\Binn\;C:\Program Files\Microsoft SQL Server\150\DTS\Binn\;C:\Program Files (x86)\Microsoft SQL Server\150\DTS\Binn\;C:\Program Files\Azure Data Studio\bin;C:\Program Files\Git\cmd;C:\Program Files\nodejs\;C:\ProgramData\chocolatey\bin;C:\flutter\bin;C:\Program Files\Azure Data Studio\bin;C:\Users\Thanh\AppData\Local\GitHubDesktop\bin;C:\Users\Thanh\AppData\Roaming\npm;%USERPROFILE%\AppData\Local\Microsoft\WindowsApps;;C:\flutter\bin\mingit\cmd
USERNAME=Thanh
OS=Windows_NT
PROCESSOR_IDENTIFIER=AMD64 Family 23 Model 24 Stepping 1, AuthenticAMD



---------------  S Y S T E M  ---------------

OS:
 Windows 10 , 64 bit Build 22000 (10.0.22000.434)
OS uptime: 3 days 1:52 hours

CPU: total 8 (initial active 8) (8 cores per cpu, 2 threads per core) family 23 model 24 stepping 1 microcode 0x0, cx8, cmov, fxsr, ht, mmx, 3dnowpref, sse, sse2, sse3, ssse3, sse4a, sse4.1, sse4.2, popcnt, lzcnt, tsc, tscinvbit, avx, avx2, aes, clmul, bmi1, bmi2, adx, sha, fma, vzeroupper, clflush, clflushopt

Memory: 4k page, system-wide physical 8002M (453M free)
TotalPageFile size 32578M (AvailPageFile size 78M)
current process WorkingSet (physical memory assigned to process): 9M, peak: 9M
current process commit charge ("private bytes"): 60M, peak: 186M

vm_info: Java HotSpot(TM) 64-Bit Server VM (16.0.2+7-67) for windows-amd64 JRE (16.0.2+7-67), built on Jun  8 2021 23:24:19 by "mach5one" with MS VC++ 16.7 (VS2019)

END.
