#
# There is insufficient memory for the Java Runtime Environment to continue.
# Native memory allocation (malloc) failed to allocate 164576 bytes for Chunk::new
# Possible reasons:
#   The system is out of physical RAM or swap space
#   The process is running with CompressedOops enabled, and the Java Heap may be blocking the growth of the native heap
# Possible solutions:
#   Reduce memory load on the system
#   Increase physical memory or swap space
#   Check if swap backing store is full
#   Decrease Java heap size (-Xmx/-Xms)
#   Decrease number of Java threads
#   Decrease Java thread stack sizes (-Xss)
#   Set larger code cache with -XX:ReservedCodeCacheSize=
#   JVM is running with Unscaled Compressed Oops mode in which the Java heap is
#     placed in the first 4GB address space. The Java Heap base address is the
#     maximum limit for the native heap growth. Please use -XX:HeapBaseMinAddress
#     to set the Java Heap base and to place the Java Heap above 4GB virtual address.
# This output file may be truncated or incomplete.
#
#  Out of Memory Error (./src/hotspot/share/memory/arena.cpp:197), pid=20036, tid=18044
#
# JRE version: OpenJDK Runtime Environment (11.0.10) (build 11.0.10+0-b96-7249189)
# Java VM: OpenJDK 64-Bit Server VM (11.0.10+0-b96-7249189, mixed mode, tiered, compressed oops, g1 gc, windows-amd64)
# No core dump will be written. Minidumps are not enabled by default on client versions of Windows
#

---------------  S U M M A R Y ------------

Command Line: -Dorg.gradle.appname=gradlew org.gradle.wrapper.GradleWrapperMain -q -Ptarget-platform=android-x86 -Ptarget=D:\LT FLUTTER\do_an\lib\main.dart -Pdart-defines=Zmx1dHRlci5pbnNwZWN0b3Iuc3RydWN0dXJlZEVycm9ycz10cnVl,RkxVVFRFUl9XRUJfQVVUT19ERVRFQ1Q9dHJ1ZQ== -Pdart-obfuscation=false -Ptrack-widget-creation=true -Ptree-shake-icons=false -Pfilesystem-scheme=org-dartlang-root assembleDebug

Host: AMD Ryzen 5 3550H with Radeon Vega Mobile Gfx  , 8 cores, 7G,  Windows 10 , 64 bit Build 22000 (10.0.22000.434)
Time: Wed Apr 13 23:49:21 2022 SE Asia Standard Time elapsed time: 164.311410 seconds (0d 0h 2m 44s)

---------------  T H R E A D  ---------------

Current thread (0x000002dfb7aaa000):  JavaThread "C2 CompilerThread0" daemon [_thread_in_native, id=18044, stack(0x000000e5eb500000,0x000000e5eb600000)]


Current CompileTask:
C2: 164311 2029       4       java.util.Properties::loadConvert (524 bytes)

Stack: [0x000000e5eb500000,0x000000e5eb600000]
Native frames: (J=compiled Java code, j=interpreted, Vv=VM code, C=native code)
V  [jvm.dll+0x5ecfaa]
V  [jvm.dll+0x722bd5]
V  [jvm.dll+0x72412d]
V  [jvm.dll+0x7247e3]
V  [jvm.dll+0x242928]
V  [jvm.dll+0xbc4fc]
V  [jvm.dll+0xbca0c]
V  [jvm.dll+0x2b4fd4]
V  [jvm.dll+0x506028]
V  [jvm.dll+0x203253]
V  [jvm.dll+0x1fd07c]
V  [jvm.dll+0x1fa77f]
V  [jvm.dll+0x18354c]
V  [jvm.dll+0x208ee7]
V  [jvm.dll+0x207731]
V  [jvm.dll+0x6eb1cf]
V  [jvm.dll+0x6e3d45]
V  [jvm.dll+0x5ebe96]
C  [ucrtbase.dll+0x26c0c]
C  [KERNEL32.DLL+0x154e0]
C  [ntdll.dll+0x485b]


---------------  P R O C E S S  ---------------

Threads class SMR info:
_java_thread_list=0x000002dfb92f31f0, length=11, elements={
0x000002df9d79f800, 0x000002dfb7a8b800, 0x000002dfb7a8c800, 0x000002dfb8429000,
0x000002dfb842b000, 0x000002dfb842c800, 0x000002dfb7aaa000, 0x000002dfb7aaf000,
0x000002dfb7ab1800, 0x000002dfb8591800, 0x000002dfb8f4c000
}

Java Threads: ( => current thread )
  0x000002df9d79f800 JavaThread "main" [_thread_in_vm, id=4368, stack(0x000000e5ea900000,0x000000e5eaa00000)]
  0x000002dfb7a8b800 JavaThread "Reference Handler" daemon [_thread_blocked, id=14400, stack(0x000000e5eb000000,0x000000e5eb100000)]
  0x000002dfb7a8c800 JavaThread "Finalizer" daemon [_thread_blocked, id=8216, stack(0x000000e5eb100000,0x000000e5eb200000)]
  0x000002dfb8429000 JavaThread "Signal Dispatcher" daemon [_thread_blocked, id=17660, stack(0x000000e5eb200000,0x000000e5eb300000)]
  0x000002dfb842b000 JavaThread "Attach Listener" daemon [_thread_blocked, id=18448, stack(0x000000e5eb300000,0x000000e5eb400000)]
  0x000002dfb842c800 JavaThread "Service Thread" daemon [_thread_blocked, id=13236, stack(0x000000e5eb400000,0x000000e5eb500000)]
=>0x000002dfb7aaa000 JavaThread "C2 CompilerThread0" daemon [_thread_in_native, id=18044, stack(0x000000e5eb500000,0x000000e5eb600000)]
  0x000002dfb7aaf000 JavaThread "C1 CompilerThread0" daemon [_thread_blocked, id=18040, stack(0x000000e5eb600000,0x000000e5eb700000)]
  0x000002dfb7ab1800 JavaThread "Sweeper thread" daemon [_thread_blocked, id=9780, stack(0x000000e5eb700000,0x000000e5eb800000)]
  0x000002dfb8591800 JavaThread "Common-Cleaner" daemon [_thread_blocked, id=14256, stack(0x000000e5eb900000,0x000000e5eba00000)]
  0x000002dfb8f4c000 JavaThread "pool-1-thread-1" [_thread_blocked, id=20060, stack(0x000000e5eba00000,0x000000e5ebb00000)]

Other Threads:
  0x000002dfb7a66800 VMThread "VM Thread" [stack: 0x000000e5eaf00000,0x000000e5eb000000] [id=1476]
  0x000002dfb8586800 WatcherThread [stack: 0x000000e5eb800000,0x000000e5eb900000] [id=18056]
  0x000002df9d7b5000 GCTaskThread "GC Thread#0" [stack: 0x000000e5eaa00000,0x000000e5eab00000] [id=20188]
  0x000002dfb91f2000 GCTaskThread "GC Thread#1" [stack: 0x000000e5ebb00000,0x000000e5ebc00000] [id=15684]
  0x000002dfb91f3000 GCTaskThread "GC Thread#2" [stack: 0x000000e5ebc00000,0x000000e5ebd00000] [id=3948]
  0x000002dfb8f87000 GCTaskThread "GC Thread#3" [stack: 0x000000e5ebd00000,0x000000e5ebe00000] [id=14448]
  0x000002dfb93bf000 GCTaskThread "GC Thread#4" [stack: 0x000000e5ea700000,0x000000e5ea800000] [id=23244]
  0x000002dfb983e000 GCTaskThread "GC Thread#5" [stack: 0x000000e5ea800000,0x000000e5ea900000] [id=23528]
  0x000002df9d7e6800 ConcurrentGCThread "G1 Main Marker" [stack: 0x000000e5eab00000,0x000000e5eac00000] [id=19872]
  0x000002df9d7e8000 ConcurrentGCThread "G1 Conc#0" [stack: 0x000000e5eac00000,0x000000e5ead00000] [id=19544]
  0x000002dfb78d0800 ConcurrentGCThread "G1 Refine#0" [stack: 0x000000e5ead00000,0x000000e5eae00000] [id=19540]
  0x000002dfb78d1800 ConcurrentGCThread "G1 Young RemSet Sampling" [stack: 0x000000e5eae00000,0x000000e5eaf00000] [id=19880]

Threads with active compile tasks:
C2 CompilerThread0 164371 2029       4       java.util.Properties::loadConvert (524 bytes)

VM state:not at safepoint (normal execution)

VM Mutex/Monitor currently owned by a thread: None

Heap address: 0x0000000082e00000, size: 2002 MB, Compressed Oops mode: 32-bit
Narrow klass base: 0x0000000000000000, Narrow klass shift: 3
Compressed class space size: 1073741824 Address: 0x0000000100000000

Heap:
 garbage-first heap   total 129024K, used 34175K [0x0000000082e00000, 0x0000000100000000)
  region size 1024K, 29 young (29696K), 4 survivors (4096K)
 Metaspace       used 16177K, capacity 16510K, committed 16768K, reserved 1064960K
  class space    used 1796K, capacity 1909K, committed 1920K, reserved 1048576K
Heap Regions: E=young(eden), S=young(survivor), O=old, HS=humongous(starts), HC=humongous(continues), CS=collection set, F=free, A=archive, TAMS=top-at-mark-start (previous, next)
|   0|0x0000000082e00000, 0x0000000082e00000, 0x0000000082f00000|  0%| F|  |TAMS 0x0000000082e00000, 0x0000000082e00000| Untracked 
|   1|0x0000000082f00000, 0x0000000082f00000, 0x0000000083000000|  0%| F|  |TAMS 0x0000000082f00000, 0x0000000082f00000| Untracked 
|   2|0x0000000083000000, 0x0000000083000000, 0x0000000083100000|  0%| F|  |TAMS 0x0000000083000000, 0x0000000083000000| Untracked 
|   3|0x0000000083100000, 0x0000000083200000, 0x0000000083200000|100%|HS|  |TAMS 0x0000000083100000, 0x0000000083100000| Complete 
|   4|0x0000000083200000, 0x0000000083300000, 0x0000000083300000|100%|HC|  |TAMS 0x0000000083200000, 0x0000000083200000| Complete 
|   5|0x0000000083300000, 0x0000000083400000, 0x0000000083400000|100%|HC|  |TAMS 0x0000000083300000, 0x0000000083300000| Complete 
|   6|0x0000000083400000, 0x0000000083500000, 0x0000000083500000|100%| O|  |TAMS 0x0000000083400000, 0x0000000083400000| Untracked 
|   7|0x0000000083500000, 0x0000000083600000, 0x0000000083600000|100%| O|  |TAMS 0x0000000083500000, 0x0000000083500000| Untracked 
|   8|0x0000000083600000, 0x00000000836b7e00, 0x0000000083700000| 71%| O|  |TAMS 0x0000000083600000, 0x0000000083600000| Untracked 
|   9|0x0000000083700000, 0x0000000083700000, 0x0000000083800000|  0%| F|  |TAMS 0x0000000083700000, 0x0000000083700000| Untracked 
|  10|0x0000000083800000, 0x0000000083800000, 0x0000000083900000|  0%| F|  |TAMS 0x0000000083800000, 0x0000000083800000| Untracked 
|  11|0x0000000083900000, 0x0000000083900000, 0x0000000083a00000|  0%| F|  |TAMS 0x0000000083900000, 0x0000000083900000| Untracked 
|  12|0x0000000083a00000, 0x0000000083a00000, 0x0000000083b00000|  0%| F|  |TAMS 0x0000000083a00000, 0x0000000083a00000| Untracked 
|  13|0x0000000083b00000, 0x0000000083b00000, 0x0000000083c00000|  0%| F|  |TAMS 0x0000000083b00000, 0x0000000083b00000| Untracked 
|  14|0x0000000083c00000, 0x0000000083c00000, 0x0000000083d00000|  0%| F|  |TAMS 0x0000000083c00000, 0x0000000083c00000| Untracked 
|  15|0x0000000083d00000, 0x0000000083d00000, 0x0000000083e00000|  0%| F|  |TAMS 0x0000000083d00000, 0x0000000083d00000| Untracked 
|  16|0x0000000083e00000, 0x0000000083e00000, 0x0000000083f00000|  0%| F|  |TAMS 0x0000000083e00000, 0x0000000083e00000| Untracked 
|  17|0x0000000083f00000, 0x0000000083f00000, 0x0000000084000000|  0%| F|  |TAMS 0x0000000083f00000, 0x0000000083f00000| Untracked 
|  18|0x0000000084000000, 0x0000000084000000, 0x0000000084100000|  0%| F|  |TAMS 0x0000000084000000, 0x0000000084000000| Untracked 
|  19|0x0000000084100000, 0x0000000084100000, 0x0000000084200000|  0%| F|  |TAMS 0x0000000084100000, 0x0000000084100000| Untracked 
|  20|0x0000000084200000, 0x0000000084200000, 0x0000000084300000|  0%| F|  |TAMS 0x0000000084200000, 0x0000000084200000| Untracked 
|  21|0x0000000084300000, 0x0000000084300000, 0x0000000084400000|  0%| F|  |TAMS 0x0000000084300000, 0x0000000084300000| Untracked 
|  22|0x0000000084400000, 0x0000000084400000, 0x0000000084500000|  0%| F|  |TAMS 0x0000000084400000, 0x0000000084400000| Untracked 
|  23|0x0000000084500000, 0x0000000084500000, 0x0000000084600000|  0%| F|  |TAMS 0x0000000084500000, 0x0000000084500000| Untracked 
|  24|0x0000000084600000, 0x0000000084600000, 0x0000000084700000|  0%| F|  |TAMS 0x0000000084600000, 0x0000000084600000| Untracked 
|  25|0x0000000084700000, 0x0000000084700000, 0x0000000084800000|  0%| F|  |TAMS 0x0000000084700000, 0x0000000084700000| Untracked 
|  26|0x0000000084800000, 0x0000000084800000, 0x0000000084900000|  0%| F|  |TAMS 0x0000000084800000, 0x0000000084800000| Untracked 
|  27|0x0000000084900000, 0x0000000084900000, 0x0000000084a00000|  0%| F|  |TAMS 0x0000000084900000, 0x0000000084900000| Untracked 
|  28|0x0000000084a00000, 0x0000000084a00000, 0x0000000084b00000|  0%| F|  |TAMS 0x0000000084a00000, 0x0000000084a00000| Untracked 
|  29|0x0000000084b00000, 0x0000000084b00000, 0x0000000084c00000|  0%| F|  |TAMS 0x0000000084b00000, 0x0000000084b00000| Untracked 
|  30|0x0000000084c00000, 0x0000000084c00000, 0x0000000084d00000|  0%| F|  |TAMS 0x0000000084c00000, 0x0000000084c00000| Untracked 
|  31|0x0000000084d00000, 0x0000000084d00000, 0x0000000084e00000|  0%| F|  |TAMS 0x0000000084d00000, 0x0000000084d00000| Untracked 
|  32|0x0000000084e00000, 0x0000000084e00000, 0x0000000084f00000|  0%| F|  |TAMS 0x0000000084e00000, 0x0000000084e00000| Untracked 
|  33|0x0000000084f00000, 0x0000000084f00000, 0x0000000085000000|  0%| F|  |TAMS 0x0000000084f00000, 0x0000000084f00000| Untracked 
|  34|0x0000000085000000, 0x0000000085000000, 0x0000000085100000|  0%| F|  |TAMS 0x0000000085000000, 0x0000000085000000| Untracked 
|  35|0x0000000085100000, 0x0000000085100000, 0x0000000085200000|  0%| F|  |TAMS 0x0000000085100000, 0x0000000085100000| Untracked 
|  36|0x0000000085200000, 0x0000000085200000, 0x0000000085300000|  0%| F|  |TAMS 0x0000000085200000, 0x0000000085200000| Untracked 
|  37|0x0000000085300000, 0x0000000085300000, 0x0000000085400000|  0%| F|  |TAMS 0x0000000085300000, 0x0000000085300000| Untracked 
|  38|0x0000000085400000, 0x0000000085400000, 0x0000000085500000|  0%| F|  |TAMS 0x0000000085400000, 0x0000000085400000| Untracked 
|  39|0x0000000085500000, 0x0000000085500000, 0x0000000085600000|  0%| F|  |TAMS 0x0000000085500000, 0x0000000085500000| Untracked 
|  40|0x0000000085600000, 0x0000000085600000, 0x0000000085700000|  0%| F|  |TAMS 0x0000000085600000, 0x0000000085600000| Untracked 
|  41|0x0000000085700000, 0x0000000085700000, 0x0000000085800000|  0%| F|  |TAMS 0x0000000085700000, 0x0000000085700000| Untracked 
|  42|0x0000000085800000, 0x0000000085800000, 0x0000000085900000|  0%| F|  |TAMS 0x0000000085800000, 0x0000000085800000| Untracked 
|  43|0x0000000085900000, 0x0000000085900000, 0x0000000085a00000|  0%| F|  |TAMS 0x0000000085900000, 0x0000000085900000| Untracked 
|  44|0x0000000085a00000, 0x0000000085a00000, 0x0000000085b00000|  0%| F|  |TAMS 0x0000000085a00000, 0x0000000085a00000| Untracked 
|  45|0x0000000085b00000, 0x0000000085b00000, 0x0000000085c00000|  0%| F|  |TAMS 0x0000000085b00000, 0x0000000085b00000| Untracked 
|  46|0x0000000085c00000, 0x0000000085c00000, 0x0000000085d00000|  0%| F|  |TAMS 0x0000000085c00000, 0x0000000085c00000| Untracked 
|  47|0x0000000085d00000, 0x0000000085d00000, 0x0000000085e00000|  0%| F|  |TAMS 0x0000000085d00000, 0x0000000085d00000| Untracked 
|  48|0x0000000085e00000, 0x0000000085e00000, 0x0000000085f00000|  0%| F|  |TAMS 0x0000000085e00000, 0x0000000085e00000| Untracked 
|  49|0x0000000085f00000, 0x0000000085f00000, 0x0000000086000000|  0%| F|  |TAMS 0x0000000085f00000, 0x0000000085f00000| Untracked 
|  50|0x0000000086000000, 0x0000000086000000, 0x0000000086100000|  0%| F|  |TAMS 0x0000000086000000, 0x0000000086000000| Untracked 
|  51|0x0000000086100000, 0x00000000861a7f70, 0x0000000086200000| 65%| S|CS|TAMS 0x0000000086100000, 0x0000000086100000| Complete 
|  52|0x0000000086200000, 0x0000000086300000, 0x0000000086300000|100%| S|CS|TAMS 0x0000000086200000, 0x0000000086200000| Complete 
|  53|0x0000000086300000, 0x0000000086400000, 0x0000000086400000|100%| S|CS|TAMS 0x0000000086300000, 0x0000000086300000| Complete 
|  54|0x0000000086400000, 0x0000000086500000, 0x0000000086500000|100%| S|CS|TAMS 0x0000000086400000, 0x0000000086400000| Complete 
|  55|0x0000000086500000, 0x0000000086500000, 0x0000000086600000|  0%| F|  |TAMS 0x0000000086500000, 0x0000000086500000| Untracked 
|  56|0x0000000086600000, 0x0000000086600000, 0x0000000086700000|  0%| F|  |TAMS 0x0000000086600000, 0x0000000086600000| Untracked 
|  57|0x0000000086700000, 0x0000000086700000, 0x0000000086800000|  0%| F|  |TAMS 0x0000000086700000, 0x0000000086700000| Untracked 
|  58|0x0000000086800000, 0x0000000086800000, 0x0000000086900000|  0%| F|  |TAMS 0x0000000086800000, 0x0000000086800000| Untracked 
|  59|0x0000000086900000, 0x0000000086900000, 0x0000000086a00000|  0%| F|  |TAMS 0x0000000086900000, 0x0000000086900000| Untracked 
|  60|0x0000000086a00000, 0x0000000086a00000, 0x0000000086b00000|  0%| F|  |TAMS 0x0000000086a00000, 0x0000000086a00000| Untracked 
|  61|0x0000000086b00000, 0x0000000086b00000, 0x0000000086c00000|  0%| F|  |TAMS 0x0000000086b00000, 0x0000000086b00000| Untracked 
|  62|0x0000000086c00000, 0x0000000086c00000, 0x0000000086d00000|  0%| F|  |TAMS 0x0000000086c00000, 0x0000000086c00000| Untracked 
|  63|0x0000000086d00000, 0x0000000086d00000, 0x0000000086e00000|  0%| F|  |TAMS 0x0000000086d00000, 0x0000000086d00000| Untracked 
|  64|0x0000000086e00000, 0x0000000086e00000, 0x0000000086f00000|  0%| F|  |TAMS 0x0000000086e00000, 0x0000000086e00000| Untracked 
|  65|0x0000000086f00000, 0x0000000086f00000, 0x0000000087000000|  0%| F|  |TAMS 0x0000000086f00000, 0x0000000086f00000| Untracked 
|  66|0x0000000087000000, 0x0000000087000000, 0x0000000087100000|  0%| F|  |TAMS 0x0000000087000000, 0x0000000087000000| Untracked 
|  67|0x0000000087100000, 0x0000000087100000, 0x0000000087200000|  0%| F|  |TAMS 0x0000000087100000, 0x0000000087100000| Untracked 
|  68|0x0000000087200000, 0x0000000087200000, 0x0000000087300000|  0%| F|  |TAMS 0x0000000087200000, 0x0000000087200000| Untracked 
|  69|0x0000000087300000, 0x0000000087300000, 0x0000000087400000|  0%| F|  |TAMS 0x0000000087300000, 0x0000000087300000| Untracked 
|  70|0x0000000087400000, 0x0000000087400000, 0x0000000087500000|  0%| F|  |TAMS 0x0000000087400000, 0x0000000087400000| Untracked 
|  71|0x0000000087500000, 0x0000000087500000, 0x0000000087600000|  0%| F|  |TAMS 0x0000000087500000, 0x0000000087500000| Untracked 
|  72|0x0000000087600000, 0x0000000087600000, 0x0000000087700000|  0%| F|  |TAMS 0x0000000087600000, 0x0000000087600000| Untracked 
|  73|0x0000000087700000, 0x0000000087700000, 0x0000000087800000|  0%| F|  |TAMS 0x0000000087700000, 0x0000000087700000| Untracked 
|  74|0x0000000087800000, 0x0000000087800000, 0x0000000087900000|  0%| F|  |TAMS 0x0000000087800000, 0x0000000087800000| Untracked 
|  75|0x0000000087900000, 0x0000000087900000, 0x0000000087a00000|  0%| F|  |TAMS 0x0000000087900000, 0x0000000087900000| Untracked 
|  76|0x0000000087a00000, 0x0000000087a00000, 0x0000000087b00000|  0%| F|  |TAMS 0x0000000087a00000, 0x0000000087a00000| Untracked 
|  77|0x0000000087b00000, 0x0000000087b00000, 0x0000000087c00000|  0%| F|  |TAMS 0x0000000087b00000, 0x0000000087b00000| Untracked 
|  78|0x0000000087c00000, 0x0000000087c00000, 0x0000000087d00000|  0%| F|  |TAMS 0x0000000087c00000, 0x0000000087c00000| Untracked 
|  79|0x0000000087d00000, 0x0000000087d00000, 0x0000000087e00000|  0%| F|  |TAMS 0x0000000087d00000, 0x0000000087d00000| Untracked 
|  80|0x0000000087e00000, 0x0000000087e00000, 0x0000000087f00000|  0%| F|  |TAMS 0x0000000087e00000, 0x0000000087e00000| Untracked 
|  81|0x0000000087f00000, 0x0000000087f00000, 0x0000000088000000|  0%| F|  |TAMS 0x0000000087f00000, 0x0000000087f00000| Untracked 
|  82|0x0000000088000000, 0x0000000088000000, 0x0000000088100000|  0%| F|  |TAMS 0x0000000088000000, 0x0000000088000000| Untracked 
|  83|0x0000000088100000, 0x0000000088100000, 0x0000000088200000|  0%| F|  |TAMS 0x0000000088100000, 0x0000000088100000| Untracked 
|  84|0x0000000088200000, 0x0000000088200000, 0x0000000088300000|  0%| F|  |TAMS 0x0000000088200000, 0x0000000088200000| Untracked 
|  85|0x0000000088300000, 0x0000000088300000, 0x0000000088400000|  0%| F|  |TAMS 0x0000000088300000, 0x0000000088300000| Untracked 
|  86|0x0000000088400000, 0x0000000088400000, 0x0000000088500000|  0%| F|  |TAMS 0x0000000088400000, 0x0000000088400000| Untracked 
|  87|0x0000000088500000, 0x0000000088500000, 0x0000000088600000|  0%| F|  |TAMS 0x0000000088500000, 0x0000000088500000| Untracked 
|  88|0x0000000088600000, 0x0000000088600000, 0x0000000088700000|  0%| F|  |TAMS 0x0000000088600000, 0x0000000088600000| Untracked 
|  89|0x0000000088700000, 0x0000000088700000, 0x0000000088800000|  0%| F|  |TAMS 0x0000000088700000, 0x0000000088700000| Untracked 
|  90|0x0000000088800000, 0x0000000088800000, 0x0000000088900000|  0%| F|  |TAMS 0x0000000088800000, 0x0000000088800000| Untracked 
|  91|0x0000000088900000, 0x0000000088900000, 0x0000000088a00000|  0%| F|  |TAMS 0x0000000088900000, 0x0000000088900000| Untracked 
|  92|0x0000000088a00000, 0x0000000088a00000, 0x0000000088b00000|  0%| F|  |TAMS 0x0000000088a00000, 0x0000000088a00000| Untracked 
|  93|0x0000000088b00000, 0x0000000088b00000, 0x0000000088c00000|  0%| F|  |TAMS 0x0000000088b00000, 0x0000000088b00000| Untracked 
|  94|0x0000000088c00000, 0x0000000088c00000, 0x0000000088d00000|  0%| F|  |TAMS 0x0000000088c00000, 0x0000000088c00000| Untracked 
|  95|0x0000000088d00000, 0x0000000088d00000, 0x0000000088e00000|  0%| F|  |TAMS 0x0000000088d00000, 0x0000000088d00000| Untracked 
|  96|0x0000000088e00000, 0x0000000088e00000, 0x0000000088f00000|  0%| F|  |TAMS 0x0000000088e00000, 0x0000000088e00000| Untracked 
|  97|0x0000000088f00000, 0x0000000088f00000, 0x0000000089000000|  0%| F|  |TAMS 0x0000000088f00000, 0x0000000088f00000| Untracked 
|  98|0x0000000089000000, 0x0000000089000000, 0x0000000089100000|  0%| F|  |TAMS 0x0000000089000000, 0x0000000089000000| Untracked 
|  99|0x0000000089100000, 0x0000000089100000, 0x0000000089200000|  0%| F|  |TAMS 0x0000000089100000, 0x0000000089100000| Untracked 
| 100|0x0000000089200000, 0x0000000089200000, 0x0000000089300000|  0%| F|  |TAMS 0x0000000089200000, 0x0000000089200000| Untracked 
| 101|0x0000000089300000, 0x0000000089400000, 0x0000000089400000|100%| E|  |TAMS 0x0000000089300000, 0x0000000089300000| Complete 
| 102|0x0000000089400000, 0x0000000089500000, 0x0000000089500000|100%| E|CS|TAMS 0x0000000089400000, 0x0000000089400000| Complete 
| 103|0x0000000089500000, 0x0000000089600000, 0x0000000089600000|100%| E|CS|TAMS 0x0000000089500000, 0x0000000089500000| Complete 
| 104|0x0000000089600000, 0x0000000089700000, 0x0000000089700000|100%| E|CS|TAMS 0x0000000089600000, 0x0000000089600000| Complete 
| 105|0x0000000089700000, 0x0000000089800000, 0x0000000089800000|100%| E|CS|TAMS 0x0000000089700000, 0x0000000089700000| Complete 
| 106|0x0000000089800000, 0x0000000089900000, 0x0000000089900000|100%| E|CS|TAMS 0x0000000089800000, 0x0000000089800000| Complete 
| 107|0x0000000089900000, 0x0000000089a00000, 0x0000000089a00000|100%| E|CS|TAMS 0x0000000089900000, 0x0000000089900000| Complete 
| 108|0x0000000089a00000, 0x0000000089b00000, 0x0000000089b00000|100%| E|CS|TAMS 0x0000000089a00000, 0x0000000089a00000| Complete 
| 109|0x0000000089b00000, 0x0000000089c00000, 0x0000000089c00000|100%| E|CS|TAMS 0x0000000089b00000, 0x0000000089b00000| Complete 
| 110|0x0000000089c00000, 0x0000000089d00000, 0x0000000089d00000|100%| E|CS|TAMS 0x0000000089c00000, 0x0000000089c00000| Complete 
| 111|0x0000000089d00000, 0x0000000089e00000, 0x0000000089e00000|100%| E|CS|TAMS 0x0000000089d00000, 0x0000000089d00000| Complete 
| 112|0x0000000089e00000, 0x0000000089f00000, 0x0000000089f00000|100%| E|CS|TAMS 0x0000000089e00000, 0x0000000089e00000| Complete 
| 113|0x0000000089f00000, 0x000000008a000000, 0x000000008a000000|100%| E|CS|TAMS 0x0000000089f00000, 0x0000000089f00000| Complete 
| 114|0x000000008a000000, 0x000000008a100000, 0x000000008a100000|100%| E|CS|TAMS 0x000000008a000000, 0x000000008a000000| Complete 
| 115|0x000000008a100000, 0x000000008a200000, 0x000000008a200000|100%| E|CS|TAMS 0x000000008a100000, 0x000000008a100000| Complete 
| 116|0x000000008a200000, 0x000000008a300000, 0x000000008a300000|100%| E|CS|TAMS 0x000000008a200000, 0x000000008a200000| Complete 
| 117|0x000000008a300000, 0x000000008a400000, 0x000000008a400000|100%| E|CS|TAMS 0x000000008a300000, 0x000000008a300000| Complete 
| 118|0x000000008a400000, 0x000000008a500000, 0x000000008a500000|100%| E|CS|TAMS 0x000000008a400000, 0x000000008a400000| Complete 
| 119|0x000000008a500000, 0x000000008a600000, 0x000000008a600000|100%| E|CS|TAMS 0x000000008a500000, 0x000000008a500000| Complete 
| 120|0x000000008a600000, 0x000000008a700000, 0x000000008a700000|100%| E|CS|TAMS 0x000000008a600000, 0x000000008a600000| Complete 
| 121|0x000000008a700000, 0x000000008a800000, 0x000000008a800000|100%| E|CS|TAMS 0x000000008a700000, 0x000000008a700000| Complete 
| 122|0x000000008a800000, 0x000000008a900000, 0x000000008a900000|100%| E|CS|TAMS 0x000000008a800000, 0x000000008a800000| Complete 
| 123|0x000000008a900000, 0x000000008aa00000, 0x000000008aa00000|100%| E|CS|TAMS 0x000000008a900000, 0x000000008a900000| Complete 
| 124|0x000000008aa00000, 0x000000008ab00000, 0x000000008ab00000|100%| E|CS|TAMS 0x000000008aa00000, 0x000000008aa00000| Complete 
| 125|0x000000008ab00000, 0x000000008ac00000, 0x000000008ac00000|100%| E|CS|TAMS 0x000000008ab00000, 0x000000008ab00000| Complete 

Card table byte_map: [0x000002dfb09b0000,0x000002dfb0da0000] _byte_map_base: 0x000002dfb0599000

Marking Bits (Prev, Next): (CMBitMap*) 0x000002df9d7dda58, (CMBitMap*) 0x000002df9d7dda90
 Prev Bits: [0x000002dfb1190000, 0x000002dfb30d8000)
 Next Bits: [0x000002dfb30e0000, 0x000002dfb5028000)

Polling page: 0x000002df9b6a0000

Metaspace:

Usage:
  Non-class:     14.26 MB capacity,    14.04 MB ( 98%) used,   197.16 KB (  1%) free+waste,    22.88 KB ( <1%) overhead. 
      Class:      1.86 MB capacity,     1.75 MB ( 94%) used,   101.52 KB (  5%) free+waste,    11.00 KB ( <1%) overhead. 
       Both:     16.12 MB capacity,    15.80 MB ( 98%) used,   298.67 KB (  2%) free+waste,    33.88 KB ( <1%) overhead. 

Virtual space:
  Non-class space:       16.00 MB reserved,      14.50 MB ( 91%) committed 
      Class space:        1.00 GB reserved,       1.88 MB ( <1%) committed 
             Both:        1.02 GB reserved,      16.38 MB (  2%) committed 

Chunk freelists:
   Non-Class:  55.00 KB
       Class:  11.00 KB
        Both:  66.00 KB

MaxMetaspaceSize: 17179869184.00 GB
CompressedClassSpaceSize: 1.00 GB

CodeHeap 'non-profiled nmethods': size=120000Kb used=1104Kb max_used=1104Kb free=118895Kb
 bounds [0x000002dfa8d60000, 0x000002dfa8fd0000, 0x000002dfb0290000]
CodeHeap 'profiled nmethods': size=120000Kb used=3755Kb max_used=3755Kb free=116244Kb
 bounds [0x000002dfa1830000, 0x000002dfa1be0000, 0x000002dfa8d60000]
CodeHeap 'non-nmethods': size=5760Kb used=1111Kb max_used=1139Kb free=4648Kb
 bounds [0x000002dfa1290000, 0x000002dfa1500000, 0x000002dfa1830000]
 total_blobs=2448 nmethods=2019 adapters=340
 compilation: enabled
              stopped_count=0, restarted_count=0
 full_count=0

Compilation events (20 events):
Event: 159.620 Thread 0x000002dfb7aaf000 nmethod 2019 0x000002dfa1bd3390 code [0x000002dfa1bd3560, 0x000002dfa1bd3948]
Event: 159.620 Thread 0x000002dfb7aaf000 2020   !   3       java.io.RandomAccessFile::getChannel (87 bytes)
Event: 159.621 Thread 0x000002dfb7aaf000 nmethod 2020 0x000002dfa1bd3a90 code [0x000002dfa1bd3ca0, 0x000002dfa1bd43a8]
Event: 159.621 Thread 0x000002dfb7aaf000 2021   !   3       sun.nio.ch.FileLockTable::add (205 bytes)
Event: 159.626 Thread 0x000002dfb7aaf000 nmethod 2021 0x000002dfa1bd4710 code [0x000002dfa1bd4a80, 0x000002dfa1bd6528]
Event: 159.626 Thread 0x000002dfb7aaf000 2022   !   3       sun.nio.ch.FileChannelImpl::tryLock (238 bytes)
Event: 159.628 Thread 0x000002dfb7aaf000 nmethod 2022 0x000002dfa1bd7010 code [0x000002dfa1bd7360, 0x000002dfa1bd8248]
Event: 159.658 Thread 0x000002dfb7aaa000 2023       4       org.gradle.internal.remote.internal.inet.MultiChoiceAddressSerializer::write (98 bytes)
Event: 159.671 Thread 0x000002dfb7aaa000 nmethod 2023 0x000002dfa8e72790 code [0x000002dfa8e729c0, 0x000002dfa8e73240]
Event: 164.191 Thread 0x000002dfb7aaf000 2024       3       sun.security.provider.SHA2::implCompress (13 bytes)
Event: 164.192 Thread 0x000002dfb7aaf000 nmethod 2024 0x000002dfa1bd8b10 code [0x000002dfa1bd8d00, 0x000002dfa1bd9028]
Event: 164.192 Thread 0x000002dfb7aaf000 2026       3       java.nio.MappedByteBuffer::position (6 bytes)
Event: 164.193 Thread 0x000002dfb7aaf000 nmethod 2026 0x000002dfa1bd9190 code [0x000002dfa1bd9360, 0x000002dfa1bd9568]
Event: 164.193 Thread 0x000002dfb7aaf000 2025       3       sun.security.provider.SHA2::implCompressCheck (15 bytes)
Event: 164.193 Thread 0x000002dfb7aaf000 nmethod 2025 0x000002dfa1bd9690 code [0x000002dfa1bd9860, 0x000002dfa1bd9af8]
Event: 164.244 Thread 0x000002dfb7aaa000 2027       4       java.lang.String::isEmpty (14 bytes)
Event: 164.245 Thread 0x000002dfb7aaa000 nmethod 2027 0x000002dfa8e73b90 code [0x000002dfa8e73d20, 0x000002dfa8e73d98]
Event: 164.272 Thread 0x000002dfb7aaa000 2028       4       java.util.ArrayList::contains (14 bytes)
Event: 164.272 Thread 0x000002dfb7aaa000 nmethod 2028 0x000002dfa8e73e10 code [0x000002dfa8e73fa0, 0x000002dfa8e74048]
Event: 164.284 Thread 0x000002dfb7aaa000 2029       4       java.util.Properties::loadConvert (524 bytes)

GC Heap History (6 events):
Event: 1.238 GC heap before
{Heap before GC invocations=0 (full 0):
 garbage-first heap   total 129024K, used 29696K [0x0000000082e00000, 0x0000000100000000)
  region size 1024K, 24 young (24576K), 0 survivors (0K)
 Metaspace       used 11441K, capacity 11707K, committed 11904K, reserved 1060864K
  class space    used 1240K, capacity 1306K, committed 1408K, reserved 1048576K
}
Event: 1.244 GC heap after
{Heap after GC invocations=1 (full 0):
 garbage-first heap   total 129024K, used 8927K [0x0000000082e00000, 0x0000000100000000)
  region size 1024K, 3 young (3072K), 3 survivors (3072K)
 Metaspace       used 11441K, capacity 11707K, committed 11904K, reserved 1060864K
  class space    used 1240K, capacity 1306K, committed 1408K, reserved 1048576K
}
Event: 78.130 GC heap before
{Heap before GC invocations=1 (full 0):
 garbage-first heap   total 129024K, used 82655K [0x0000000082e00000, 0x0000000100000000)
  region size 1024K, 75 young (76800K), 3 survivors (3072K)
 Metaspace       used 15990K, capacity 16309K, committed 16512K, reserved 1064960K
  class space    used 1794K, capacity 1907K, committed 1920K, reserved 1048576K
}
Event: 78.140 GC heap after
{Heap after GC invocations=2 (full 0):
 garbage-first heap   total 129024K, used 9780K [0x0000000082e00000, 0x0000000100000000)
  region size 1024K, 4 young (4096K), 4 survivors (4096K)
 Metaspace       used 15990K, capacity 16309K, committed 16512K, reserved 1064960K
  class space    used 1794K, capacity 1907K, committed 1920K, reserved 1048576K
}
Event: 141.200 GC heap before
{Heap before GC invocations=2 (full 0):
 garbage-first heap   total 129024K, used 82484K [0x0000000082e00000, 0x0000000100000000)
  region size 1024K, 75 young (76800K), 4 survivors (4096K)
 Metaspace       used 16141K, capacity 16443K, committed 16512K, reserved 1064960K
  class space    used 1795K, capacity 1908K, committed 1920K, reserved 1048576K
}
Event: 141.231 GC heap after
{Heap after GC invocations=3 (full 0):
 garbage-first heap   total 129024K, used 9599K [0x0000000082e00000, 0x0000000100000000)
  region size 1024K, 4 young (4096K), 4 survivors (4096K)
 Metaspace       used 16141K, capacity 16443K, committed 16512K, reserved 1064960K
  class space    used 1795K, capacity 1908K, committed 1920K, reserved 1048576K
}

Deoptimization events (20 events):
Event: 29.108 Thread 0x000002df9d79f800 DEOPT PACKING pc=0x000002dfa1a151d9 sp=0x000000e5ea9fcb80
Event: 29.108 Thread 0x000002df9d79f800 DEOPT UNPACKING pc=0x000002dfa12b76ce sp=0x000000e5ea9fc018 mode 0
Event: 102.618 Thread 0x000002dfb89c6800 Uncommon trap: trap_request=0xffffffde fr.pc=0x000002dfa8e1f9b0 relative=0x0000000000000150
Event: 102.619 Thread 0x000002dfb89c6800 Uncommon trap: reason=class_check action=maybe_recompile pc=0x000002dfa8e1f9b0 method=java.util.regex.Pattern$BmpCharProperty.match(Ljava/util/regex/Matcher;ILjava/lang/CharSequence;)Z @ 14 c2
Event: 102.619 Thread 0x000002dfb89c6800 DEOPT PACKING pc=0x000002dfa8e1f9b0 sp=0x000000e5ea6fe490
Event: 102.619 Thread 0x000002dfb89c6800 DEOPT UNPACKING pc=0x000002dfa12b78af sp=0x000000e5ea6fe430 mode 2
Event: 102.619 Thread 0x000002dfb89c6800 Uncommon trap: trap_request=0xffffffde fr.pc=0x000002dfa8e1f9b0 relative=0x0000000000000150
Event: 102.619 Thread 0x000002dfb89c6800 Uncommon trap: reason=class_check action=maybe_recompile pc=0x000002dfa8e1f9b0 method=java.util.regex.Pattern$BmpCharProperty.match(Ljava/util/regex/Matcher;ILjava/lang/CharSequence;)Z @ 14 c2
Event: 102.619 Thread 0x000002dfb89c6800 DEOPT PACKING pc=0x000002dfa8e1f9b0 sp=0x000000e5ea6fe490
Event: 102.619 Thread 0x000002dfb89c6800 DEOPT UNPACKING pc=0x000002dfa12b78af sp=0x000000e5ea6fe430 mode 2
Event: 102.619 Thread 0x000002dfb89c6800 Uncommon trap: trap_request=0xffffffde fr.pc=0x000002dfa8e1f9b0 relative=0x0000000000000150
Event: 102.619 Thread 0x000002dfb89c6800 Uncommon trap: reason=class_check action=maybe_recompile pc=0x000002dfa8e1f9b0 method=java.util.regex.Pattern$BmpCharProperty.match(Ljava/util/regex/Matcher;ILjava/lang/CharSequence;)Z @ 14 c2
Event: 102.619 Thread 0x000002dfb89c6800 DEOPT PACKING pc=0x000002dfa8e1f9b0 sp=0x000000e5ea6fe490
Event: 102.620 Thread 0x000002dfb89c6800 DEOPT UNPACKING pc=0x000002dfa12b78af sp=0x000000e5ea6fe430 mode 2
Event: 102.620 Thread 0x000002dfb89c6800 Uncommon trap: trap_request=0xffffffde fr.pc=0x000002dfa8e1f9b0 relative=0x0000000000000150
Event: 102.620 Thread 0x000002dfb89c6800 Uncommon trap: reason=class_check action=maybe_recompile pc=0x000002dfa8e1f9b0 method=java.util.regex.Pattern$BmpCharProperty.match(Ljava/util/regex/Matcher;ILjava/lang/CharSequence;)Z @ 14 c2
Event: 102.620 Thread 0x000002dfb89c6800 DEOPT PACKING pc=0x000002dfa8e1f9b0 sp=0x000000e5ea6fe490
Event: 102.620 Thread 0x000002dfb89c6800 DEOPT UNPACKING pc=0x000002dfa12b78af sp=0x000000e5ea6fe430 mode 2
Event: 164.285 Thread 0x000002df9d79f800 DEOPT PACKING pc=0x000002dfa186ce16 sp=0x000000e5ea9fccf0
Event: 164.285 Thread 0x000002df9d79f800 DEOPT UNPACKING pc=0x000002dfa12b76ce sp=0x000000e5ea9fc230 mode 0

Classes redefined (0 events):
No events

Internal exceptions (20 events):
Event: 92.106 Thread 0x000002df9d79f800 Exception <a 'java/io/IOException'{0x0000000089b3aff8}> (0x0000000089b3aff8) thrown at [./src/hotspot/share/prims/jni.cpp, line 615]
Event: 95.602 Thread 0x000002df9d79f800 Exception <a 'java/io/IOException'{0x000000008986c408}> (0x000000008986c408) thrown at [./src/hotspot/share/prims/jni.cpp, line 615]
Event: 99.621 Thread 0x000002df9d79f800 Exception <a 'java/io/IOException'{0x0000000089313e40}> (0x0000000089313e40) thrown at [./src/hotspot/share/prims/jni.cpp, line 615]
Event: 102.629 Thread 0x000002df9d79f800 Exception <a 'java/io/IOException'{0x0000000088f3c568}> (0x0000000088f3c568) thrown at [./src/hotspot/share/prims/jni.cpp, line 615]
Event: 106.229 Thread 0x000002df9d79f800 Exception <a 'java/io/IOException'{0x0000000088c73778}> (0x0000000088c73778) thrown at [./src/hotspot/share/prims/jni.cpp, line 615]
Event: 110.674 Thread 0x000002df9d79f800 Exception <a 'java/io/IOException'{0x00000000887200d8}> (0x00000000887200d8) thrown at [./src/hotspot/share/prims/jni.cpp, line 615]
Event: 114.226 Thread 0x000002df9d79f800 Exception <a 'java/io/IOException'{0x0000000088459bf0}> (0x0000000088459bf0) thrown at [./src/hotspot/share/prims/jni.cpp, line 615]
Event: 118.105 Thread 0x000002df9d79f800 Exception <a 'java/io/IOException'{0x0000000087f08290}> (0x0000000087f08290) thrown at [./src/hotspot/share/prims/jni.cpp, line 615]
Event: 121.602 Thread 0x000002df9d79f800 Exception <a 'java/io/IOException'{0x0000000087b35c30}> (0x0000000087b35c30) thrown at [./src/hotspot/share/prims/jni.cpp, line 615]
Event: 125.696 Thread 0x000002df9d79f800 Exception <a 'java/io/IOException'{0x0000000087875ce8}> (0x0000000087875ce8) thrown at [./src/hotspot/share/prims/jni.cpp, line 615]
Event: 129.191 Thread 0x000002df9d79f800 Exception <a 'java/io/IOException'{0x00000000873274e0}> (0x00000000873274e0) thrown at [./src/hotspot/share/prims/jni.cpp, line 615]
Event: 133.113 Thread 0x000002df9d79f800 Exception <a 'java/io/IOException'{0x0000000087067a28}> (0x0000000087067a28) thrown at [./src/hotspot/share/prims/jni.cpp, line 615]
Event: 136.603 Thread 0x000002df9d79f800 Exception <a 'java/io/IOException'{0x0000000086b1f780}> (0x0000000086b1f780) thrown at [./src/hotspot/share/prims/jni.cpp, line 615]
Event: 141.150 Thread 0x000002df9d79f800 Exception <a 'java/io/IOException'{0x0000000086864500}> (0x0000000086864500) thrown at [./src/hotspot/share/prims/jni.cpp, line 615]
Event: 145.111 Thread 0x000002df9d79f800 Exception <a 'java/io/IOException'{0x000000008abcbd30}> (0x000000008abcbd30) thrown at [./src/hotspot/share/prims/jni.cpp, line 615]
Event: 149.126 Thread 0x000002df9d79f800 Exception <a 'java/io/IOException'{0x000000008a768f00}> (0x000000008a768f00) thrown at [./src/hotspot/share/prims/jni.cpp, line 615]
Event: 152.121 Thread 0x000002df9d79f800 Exception <a 'java/io/IOException'{0x000000008a228a10}> (0x000000008a228a10) thrown at [./src/hotspot/share/prims/jni.cpp, line 615]
Event: 156.121 Thread 0x000002df9d79f800 Exception <a 'java/io/IOException'{0x0000000089f748a0}> (0x0000000089f748a0) thrown at [./src/hotspot/share/prims/jni.cpp, line 615]
Event: 159.616 Thread 0x000002df9d79f800 Exception <a 'java/io/IOException'{0x0000000089a36638}> (0x0000000089a36638) thrown at [./src/hotspot/share/prims/jni.cpp, line 615]
Event: 164.195 Thread 0x000002df9d79f800 Exception <a 'java/io/IOException'{0x0000000089606b00}> (0x0000000089606b00) thrown at [./src/hotspot/share/prims/jni.cpp, line 615]

Events (20 events):
Event: 159.608 Executing VM operation: RevokeBias done
Event: 159.608 Thread 0x000002dfb954a000 Thread exited: 0x000002dfb954a000
Event: 159.608 Executing VM operation: RevokeBias
Event: 159.608 Executing VM operation: RevokeBias done
Event: 159.609 Thread 0x000002dfb91e3800 Thread exited: 0x000002dfb91e3800
Event: 159.749 Thread 0x000002dfb91e3800 Thread added: 0x000002dfb91e3800
Event: 159.754 Thread 0x000002dfb9549800 Thread added: 0x000002dfb9549800
Event: 159.754 Executing VM operation: RevokeBias
Event: 159.754 Thread 0x000002dfb954a000 Thread added: 0x000002dfb954a000
Event: 159.755 Executing VM operation: RevokeBias done
Event: 159.755 Thread 0x000002dfb9549800 Thread exited: 0x000002dfb9549800
Event: 159.755 Executing VM operation: RevokeBias
Event: 159.755 Executing VM operation: RevokeBias done
Event: 164.183 Executing VM operation: RevokeBias
Event: 164.183 Executing coalesced safepoint VM operation: RevokeBias
Event: 164.183 Executing coalesced safepoint VM operation: RevokeBias done
Event: 164.183 Executing VM operation: RevokeBias done
Event: 164.183 Thread 0x000002dfb91e3800 Thread exited: 0x000002dfb91e3800
Event: 164.183 Thread 0x000002dfb954a000 Thread exited: 0x000002dfb954a000
Event: 164.288 Thread 0x000002dfb91e3800 Thread added: 0x000002dfb91e3800


Dynamic libraries:
0x00007ff6f66f0000 - 0x00007ff6f66fa000 	C:\Program Files\Android\Android Studio\jre\bin\java.exe
0x00007ffbcd380000 - 0x00007ffbcd589000 	C:\WINDOWS\SYSTEM32\ntdll.dll
0x00007ffbcc850000 - 0x00007ffbcc90d000 	C:\WINDOWS\System32\KERNEL32.DLL
0x00007ffbca870000 - 0x00007ffbcabe4000 	C:\WINDOWS\System32\KERNELBASE.dll
0x00007ffbcabf0000 - 0x00007ffbcad01000 	C:\WINDOWS\System32\ucrtbase.dll
0x00007ffbb0ea0000 - 0x00007ffbb0eb7000 	C:\Program Files\Android\Android Studio\jre\bin\VCRUNTIME140.dll
0x00007ffbbf380000 - 0x00007ffbbf399000 	C:\Program Files\Android\Android Studio\jre\bin\jli.dll
0x00007ffbb82a0000 - 0x00007ffbb8545000 	C:\WINDOWS\WinSxS\amd64_microsoft.windows.common-controls_6595b64144ccf1df_6.0.22000.120_none_9d947278b86cc467\COMCTL32.dll
0x00007ffbcb960000 - 0x00007ffbcbb0c000 	C:\WINDOWS\System32\USER32.dll
0x00007ffbcb1f0000 - 0x00007ffbcb216000 	C:\WINDOWS\System32\win32u.dll
0x00007ffbcbf80000 - 0x00007ffbcc023000 	C:\WINDOWS\System32\msvcrt.dll
0x00007ffbcc270000 - 0x00007ffbcc299000 	C:\WINDOWS\System32\GDI32.dll
0x00007ffbcb0d0000 - 0x00007ffbcb1e2000 	C:\WINDOWS\System32\gdi32full.dll
0x00007ffbcad10000 - 0x00007ffbcadad000 	C:\WINDOWS\System32\msvcp_win.dll
0x00007ffbcc910000 - 0x00007ffbcc941000 	C:\WINDOWS\System32\IMM32.DLL
0x00007ffb86c20000 - 0x00007ffb86cbd000 	C:\Program Files\Android\Android Studio\jre\bin\msvcp140.dll
0x00007ffb76340000 - 0x00007ffb76e0f000 	C:\Program Files\Android\Android Studio\jre\bin\server\jvm.dll
0x00007ffbcbb10000 - 0x00007ffbcbbbe000 	C:\WINDOWS\System32\ADVAPI32.dll
0x00007ffbcc1d0000 - 0x00007ffbcc26e000 	C:\WINDOWS\System32\sechost.dll
0x00007ffbcc2a0000 - 0x00007ffbcc3c0000 	C:\WINDOWS\System32\RPCRT4.dll
0x00007ffbcb870000 - 0x00007ffbcb878000 	C:\WINDOWS\System32\PSAPI.DLL
0x00007ffbc2040000 - 0x00007ffbc204a000 	C:\WINDOWS\SYSTEM32\VERSION.dll
0x00007ffbc4aa0000 - 0x00007ffbc4ad3000 	C:\WINDOWS\SYSTEM32\WINMM.dll
0x00007ffbbbb30000 - 0x00007ffbbbb39000 	C:\WINDOWS\SYSTEM32\WSOCK32.dll
0x00007ffbcbcd0000 - 0x00007ffbcbd3f000 	C:\WINDOWS\System32\WS2_32.dll
0x00007ffbc9970000 - 0x00007ffbc9988000 	C:\WINDOWS\SYSTEM32\kernel.appcore.dll
0x00007ffbbf6e0000 - 0x00007ffbbf6f1000 	C:\Program Files\Android\Android Studio\jre\bin\verify.dll
0x00007ffbbebd0000 - 0x00007ffbbedf1000 	C:\WINDOWS\SYSTEM32\DBGHELP.DLL
0x00007ffbb8fb0000 - 0x00007ffbb8fe1000 	C:\WINDOWS\SYSTEM32\dbgcore.DLL
0x00007ffbcaf90000 - 0x00007ffbcb00f000 	C:\WINDOWS\System32\bcryptPrimitives.dll
0x00007ffbbe790000 - 0x00007ffbbe7b9000 	C:\Program Files\Android\Android Studio\jre\bin\java.dll
0x00007ffbc4d60000 - 0x00007ffbc4d6b000 	C:\Program Files\Android\Android Studio\jre\bin\jimage.dll
0x00007ffbbe6b0000 - 0x00007ffbbe6c8000 	C:\Program Files\Android\Android Studio\jre\bin\zip.dll
0x00007ffbcc980000 - 0x00007ffbcd12e000 	C:\WINDOWS\System32\SHELL32.dll
0x00007ffbc89e0000 - 0x00007ffbc9248000 	C:\WINDOWS\SYSTEM32\windows.storage.dll
0x00007ffbcc440000 - 0x00007ffbcc7b8000 	C:\WINDOWS\System32\combase.dll
0x00007ffbc8870000 - 0x00007ffbc89d6000 	C:\WINDOWS\SYSTEM32\wintypes.dll
0x00007ffbcd130000 - 0x00007ffbcd21a000 	C:\WINDOWS\System32\SHCORE.dll
0x00007ffbcb720000 - 0x00007ffbcb77d000 	C:\WINDOWS\System32\shlwapi.dll
0x00007ffbca7a0000 - 0x00007ffbca7c1000 	C:\WINDOWS\SYSTEM32\profapi.dll
0x00007ffbbd740000 - 0x00007ffbbd75a000 	C:\Program Files\Android\Android Studio\jre\bin\net.dll
0x00007ffbc54a0000 - 0x00007ffbc55ac000 	C:\WINDOWS\SYSTEM32\WINHTTP.dll
0x00007ffbc9da0000 - 0x00007ffbc9e07000 	C:\WINDOWS\system32\mswsock.dll
0x00007ffbbd510000 - 0x00007ffbbd524000 	C:\Program Files\Android\Android Studio\jre\bin\nio.dll
0x00007ffba9010000 - 0x00007ffba9037000 	C:\Users\Thanh\.gradle\native\fdc75f09e3144964f2cf3f50f0aa648679c211496f362492102eb8c894070792\windows-amd64\native-platform.dll
0x00007ffb732f0000 - 0x00007ffb73486000 	C:\Users\Thanh\.gradle\native\12488b8bf47d2d4c9fbf2f6322a914ad602e24e48041cd04a747c6da556b65c4\windows-amd64\native-platform-file-events.dll
0x00007ffbbf370000 - 0x00007ffbbf37a000 	C:\Program Files\Android\Android Studio\jre\bin\management.dll
0x00007ffbbf340000 - 0x00007ffbbf34c000 	C:\Program Files\Android\Android Studio\jre\bin\management_ext.dll
0x00007ffbca050000 - 0x00007ffbca068000 	C:\WINDOWS\SYSTEM32\CRYPTSP.dll
0x00007ffbc98d0000 - 0x00007ffbc9905000 	C:\WINDOWS\system32\rsaenh.dll
0x00007ffbc9f00000 - 0x00007ffbc9f29000 	C:\WINDOWS\SYSTEM32\USERENV.dll
0x00007ffbca1d0000 - 0x00007ffbca1f7000 	C:\WINDOWS\SYSTEM32\bcrypt.dll
0x00007ffbca070000 - 0x00007ffbca07c000 	C:\WINDOWS\SYSTEM32\CRYPTBASE.dll
0x00007ffbc94a0000 - 0x00007ffbc94cd000 	C:\WINDOWS\SYSTEM32\IPHLPAPI.DLL
0x00007ffbcbf70000 - 0x00007ffbcbf79000 	C:\WINDOWS\System32\NSI.dll
0x00007ffbc5210000 - 0x00007ffbc5229000 	C:\WINDOWS\SYSTEM32\dhcpcsvc6.DLL
0x00007ffbc57f0000 - 0x00007ffbc580e000 	C:\WINDOWS\SYSTEM32\dhcpcsvc.DLL
0x00007ffbc9510000 - 0x00007ffbc95f7000 	C:\WINDOWS\SYSTEM32\DNSAPI.dll
0x00007ffbc4d50000 - 0x00007ffbc4d5c000 	C:\WINDOWS\SYSTEM32\WINNSI.DLL

dbghelp: loaded successfully - version: 4.0.5 - missing functions: none
symbol engine: initialized successfully - sym options: 0x614 - pdb path: .;C:\Program Files\Android\Android Studio\jre\bin;C:\WINDOWS\SYSTEM32;C:\WINDOWS\WinSxS\amd64_microsoft.windows.common-controls_6595b64144ccf1df_6.0.22000.120_none_9d947278b86cc467;C:\Program Files\Android\Android Studio\jre\bin\server;C:\Users\Thanh\.gradle\native\fdc75f09e3144964f2cf3f50f0aa648679c211496f362492102eb8c894070792\windows-amd64;C:\Users\Thanh\.gradle\native\12488b8bf47d2d4c9fbf2f6322a914ad602e24e48041cd04a747c6da556b65c4\windows-amd64

VM Arguments:
jvm_args: -Dorg.gradle.appname=gradlew 
java_command: org.gradle.wrapper.GradleWrapperMain -q -Ptarget-platform=android-x86 -Ptarget=D:\LT FLUTTER\do_an\lib\main.dart -Pdart-defines=Zmx1dHRlci5pbnNwZWN0b3Iuc3RydWN0dXJlZEVycm9ycz10cnVl,RkxVVFRFUl9XRUJfQVVUT19ERVRFQ1Q9dHJ1ZQ== -Pdart-obfuscation=false -Ptrack-widget-creation=true -Ptree-shake-icons=false -Pfilesystem-scheme=org-dartlang-root assembleDebug
java_class_path (initial): D:\LT FLUTTER\do_an\android\\gradle\wrapper\gradle-wrapper.jar
Launcher Type: SUN_STANDARD

[Global flags]
     intx CICompilerCount                          = 4                                         {product} {ergonomic}
     uint ConcGCThreads                            = 2                                         {product} {ergonomic}
     uint G1ConcRefinementThreads                  = 8                                         {product} {ergonomic}
   size_t G1HeapRegionSize                         = 1048576                                   {product} {ergonomic}
    uintx GCDrainStackTargetSize                   = 64                                        {product} {ergonomic}
   size_t InitialHeapSize                          = 132120576                                 {product} {ergonomic}
   size_t MarkStackSize                            = 4194304                                   {product} {ergonomic}
   size_t MaxHeapSize                              = 2099249152                                {product} {ergonomic}
   size_t MaxNewSize                               = 1259339776                                {product} {ergonomic}
   size_t MinHeapDeltaBytes                        = 1048576                                   {product} {ergonomic}
    uintx NonNMethodCodeHeapSize                   = 5836300                                {pd product} {ergonomic}
    uintx NonProfiledCodeHeapSize                  = 122910970                              {pd product} {ergonomic}
    uintx ProfiledCodeHeapSize                     = 122910970                              {pd product} {ergonomic}
    uintx ReservedCodeCacheSize                    = 251658240                              {pd product} {ergonomic}
     bool SegmentedCodeCache                       = true                                      {product} {ergonomic}
     bool UseCompressedClassPointers               = true                                 {lp64_product} {ergonomic}
     bool UseCompressedOops                        = true                                 {lp64_product} {ergonomic}
     bool UseG1GC                                  = true                                      {product} {ergonomic}
     bool UseLargePagesIndividualAllocation        = false                                  {pd product} {ergonomic}

Logging:
Log output configuration:
 #0: stdout all=warning uptime,level,tags
 #1: stderr all=off uptime,level,tags

Environment Variables:
JAVA_HOME=C:\Program Files\Android\Android Studio\jre
CLASSPATH=D:\LT FLUTTER\do_an\android\\gradle\wrapper\gradle-wrapper.jar
PATH=C:\Python310\Scripts\;C:\Python310\;C:\Program Files\Common Files\Oracle\Java\javapath;C:\WINDOWS\system32;C:\WINDOWS;C:\WINDOWS\System32\Wbem;C:\WINDOWS\System32\WindowsPowerShell\v1.0\;C:\WINDOWS\System32\OpenSSH\;%ANDORID\tool\bin;C:\Program Files\Microsoft SQL Server\Client SDK\ODBC\170\Tools\Binn\;C:\Program Files (x86)\Microsoft SQL Server\150\Tools\Binn\;C:\Program Files\Microsoft SQL Server\150\Tools\Binn\;C:\Program Files\Microsoft SQL Server\150\DTS\Binn\;C:\Program Files (x86)\Microsoft SQL Server\150\DTS\Binn\;C:\Program Files\Azure Data Studio\bin;C:\Program Files\Git\cmd;C:\Program Files\nodejs\;C:\ProgramData\chocolatey\bin;C:\flutter\bin;C:\Program Files\Azure Data Studio\bin;C:\Users\Thanh\AppData\Local\GitHubDesktop\bin;C:\Users\Thanh\AppData\Roaming\npm;%USERPROFILE%\AppData\Local\Microsoft\WindowsApps;;C:\flutter\bin\mingit\cmd
USERNAME=Thanh
OS=Windows_NT
PROCESSOR_IDENTIFIER=AMD64 Family 23 Model 24 Stepping 1, AuthenticAMD



---------------  S Y S T E M  ---------------

OS: Windows 10 , 64 bit Build 22000 (10.0.22000.434)
OS uptime: 0 days 9:57 hours

CPU:total 8 (initial active 8) (8 cores per cpu, 2 threads per core) family 23 model 24 stepping 1 microcode 0x0, cmov, cx8, fxsr, mmx, sse, sse2, sse3, ssse3, sse4.1, sse4.2, popcnt, avx, avx2, aes, clmul, mmxext, 3dnowpref, lzcnt, sse4a, ht, tsc, tscinvbit, tscinv, bmi1, bmi2, adx, s

Memory: 4k page, system-wide physical 8002M (375M free)
TotalPageFile size 32578M (AvailPageFile size 0M)
current process WorkingSet (physical memory assigned to process): 55M, peak: 127M
current process commit charge ("private bytes"): 225M, peak: 236M

vm_info: OpenJDK 64-Bit Server VM (11.0.10+0-b96-7249189) for windows-amd64 JRE (11.0.10+0-b96-7249189), built on Mar 31 2021 21:44:00 by "builder" with MS VC++ 14.0 (VS2015)

END.
